TN:
SF:index.js
FN:13,validateAndGetBaseUrl
FN:49,(anonymous_1)
FN:49,(anonymous_2)
FN:50,(anonymous_3)
FN:51,(anonymous_4)
FN:60,fetchJson
FN:72,sendCORS
FN:84,pad
FN:92,fmtDate
FN:100,resolveTemplateDates
FN:105,(anonymous_10)
FN:106,(anonymous_11)
FN:118,coerceValue
FN:160,(anonymous_13)
FN:176,parseCSVRowToDBObject
FN:183,(anonymous_15)
FN:210,(anonymous_16)
FN:241,cap1
FN:248,parseMRZ
FN:317,generateMRZHash
FN:338,validateOCRConfidence
FN:375,detectPassportDuplicates
FN:417,normalizeStayIdFreeform
FN:428,(anonymous_23)
FN:435,(anonymous_24)
FN:442,(anonymous_25)
FN:445,(anonymous_26)
FN:458,(anonymous_27)
FN:465,(anonymous_28)
FN:467,(anonymous_29)
FN:468,(anonymous_30)
FN:477,(anonymous_31)
FN:579,(anonymous_32)
FN:687,(anonymous_33)
FN:794,(anonymous_34)
FN:940,(anonymous_35)
FN:1008,(anonymous_36)
FN:1194,(anonymous_37)
FN:1258,(anonymous_38)
FN:1291,(anonymous_39)
FN:1393,(anonymous_40)
FN:1416,mergeOrInsertPassport
FN:1467,handlePassportUpsertOrMerge
FNF:43
FNH:11
FNDA:1,validateAndGetBaseUrl
FNDA:10,(anonymous_1)
FNDA:10,(anonymous_2)
FNDA:10,(anonymous_3)
FNDA:10,(anonymous_4)
FNDA:0,fetchJson
FNDA:10,sendCORS
FNDA:0,pad
FNDA:0,fmtDate
FNDA:0,resolveTemplateDates
FNDA:0,(anonymous_10)
FNDA:0,(anonymous_11)
FNDA:0,coerceValue
FNDA:0,(anonymous_13)
FNDA:0,parseCSVRowToDBObject
FNDA:0,(anonymous_15)
FNDA:0,(anonymous_16)
FNDA:0,cap1
FNDA:5,parseMRZ
FNDA:5,generateMRZHash
FNDA:5,validateOCRConfidence
FNDA:0,detectPassportDuplicates
FNDA:0,normalizeStayIdFreeform
FNDA:0,(anonymous_23)
FNDA:0,(anonymous_24)
FNDA:0,(anonymous_25)
FNDA:0,(anonymous_26)
FNDA:10,(anonymous_27)
FNDA:0,(anonymous_28)
FNDA:0,(anonymous_29)
FNDA:0,(anonymous_30)
FNDA:0,(anonymous_31)
FNDA:0,(anonymous_32)
FNDA:0,(anonymous_33)
FNDA:0,(anonymous_34)
FNDA:12,(anonymous_35)
FNDA:0,(anonymous_36)
FNDA:0,(anonymous_37)
FNDA:0,(anonymous_38)
FNDA:0,(anonymous_39)
FNDA:0,(anonymous_40)
FNDA:0,mergeOrInsertPassport
FNDA:0,handlePassportUpsertOrMerge
DA:1,1
DA:2,1
DA:3,1
DA:6,1
DA:15,1
DA:17,1
DA:18,1
DA:21,1
DA:22,0
DA:27,0
DA:30,1
DA:32,0
DA:36,0
DA:41,1
DA:49,10
DA:50,10
DA:51,10
DA:52,10
DA:61,0
DA:62,0
DA:63,0
DA:64,0
DA:73,10
DA:74,10
DA:75,10
DA:76,10
DA:77,10
DA:84,0
DA:92,0
DA:101,0
DA:102,0
DA:103,0
DA:104,0
DA:105,0
DA:106,0
DA:107,0
DA:119,0
DA:120,0
DA:123,0
DA:124,0
DA:126,0
DA:128,0
DA:129,0
DA:132,0
DA:133,0
DA:136,0
DA:137,0
DA:138,0
DA:140,0
DA:145,0
DA:146,0
DA:148,0
DA:152,0
DA:153,0
DA:154,0
DA:155,0
DA:157,0
DA:160,0
DA:165,0
DA:177,0
DA:183,0
DA:184,0
DA:185,0
DA:187,0
DA:188,0
DA:189,0
DA:193,0
DA:194,0
DA:195,0
DA:196,0
DA:199,0
DA:200,0
DA:201,0
DA:206,0
DA:207,0
DA:210,0
DA:214,0
DA:215,0
DA:216,0
DA:217,0
DA:221,0
DA:222,0
DA:226,0
DA:228,0
DA:232,1
DA:233,1
DA:234,1
DA:241,0
DA:249,5
DA:250,0
DA:253,5
DA:256,5
DA:265,5
DA:266,5
DA:267,5
DA:268,5
DA:271,5
DA:272,5
DA:273,5
DA:274,5
DA:275,5
DA:278,5
DA:281,5
DA:282,5
DA:284,5
DA:296,0
DA:304,0
DA:318,5
DA:319,0
DA:323,5
DA:325,5
DA:326,5
DA:328,0
DA:329,0
DA:339,5
DA:340,0
DA:343,5
DA:344,5
DA:345,0
DA:349,5
DA:351,5
DA:352,0
DA:355,5
DA:356,5
DA:357,3
DA:358,1
DA:360,5
DA:376,0
DA:382,0
DA:383,0
DA:386,0
DA:387,0
DA:399,0
DA:400,0
DA:401,0
DA:402,0
DA:403,0
DA:404,0
DA:408,0
DA:418,0
DA:419,0
DA:420,0
DA:421,0
DA:422,0
DA:425,0
DA:426,0
DA:427,0
DA:428,0
DA:429,0
DA:432,0
DA:433,0
DA:434,0
DA:435,0
DA:436,0
DA:437,0
DA:438,0
DA:439,0
DA:442,0
DA:443,0
DA:444,0
DA:445,0
DA:447,0
DA:448,0
DA:458,1
DA:460,10
DA:461,10
DA:462,10
DA:463,0
DA:465,0
DA:466,0
DA:467,0
DA:468,0
DA:469,0
DA:470,0
DA:472,0
DA:473,0
DA:474,0
DA:477,0
DA:479,0
DA:480,0
DA:481,0
DA:484,0
DA:496,0
DA:497,0
DA:498,0
DA:499,0
DA:500,0
DA:502,0
DA:503,0
DA:509,10
DA:513,10
DA:514,10
DA:517,10
DA:519,10
DA:520,10
DA:529,10
DA:530,0
DA:531,0
DA:532,0
DA:533,0
DA:534,0
DA:538,10
DA:539,0
DA:540,0
DA:541,0
DA:542,0
DA:543,0
DA:544,0
DA:549,0
DA:550,0
DA:551,0
DA:552,0
DA:556,10
DA:557,0
DA:558,0
DA:559,0
DA:560,0
DA:561,0
DA:564,0
DA:566,0
DA:567,0
DA:568,0
DA:571,0
DA:572,0
DA:573,0
DA:574,0
DA:578,10
DA:579,0
DA:580,0
DA:581,0
DA:584,0
DA:585,0
DA:586,0
DA:589,0
DA:590,0
DA:591,0
DA:592,0
DA:593,0
DA:594,0
DA:598,0
DA:599,0
DA:601,0
DA:602,0
DA:603,0
DA:604,0
DA:608,0
DA:609,0
DA:611,0
DA:612,0
DA:613,0
DA:616,0
DA:618,0
DA:620,0
DA:621,0
DA:622,0
DA:623,0
DA:624,0
DA:627,0
DA:628,0
DA:629,0
DA:630,0
DA:631,0
DA:632,0
DA:634,0
DA:640,0
DA:641,0
DA:642,0
DA:643,0
DA:645,0
DA:649,0
DA:655,0
DA:656,0
DA:657,0
DA:658,0
DA:660,0
DA:665,0
DA:666,0
DA:674,0
DA:678,10
DA:679,0
DA:681,0
DA:686,0
DA:687,0
DA:699,0
DA:701,0
DA:702,0
DA:703,0
DA:704,0
DA:705,0
DA:708,0
DA:709,0
DA:710,0
DA:713,0
DA:731,0
DA:743,0
DA:746,0
DA:747,0
DA:753,0
DA:767,0
DA:768,0
DA:769,0
DA:774,0
DA:775,0
DA:776,0
DA:777,0
DA:778,0
DA:780,0
DA:783,0
DA:784,0
DA:785,0
DA:786,0
DA:788,0
DA:792,10
DA:793,10
DA:794,10
DA:795,10
DA:797,10
DA:798,2
DA:799,2
DA:800,2
DA:817,2
DA:820,8
DA:821,8
DA:824,8
DA:825,12
DA:827,12
DA:829,12
DA:830,1
DA:836,1
DA:837,1
DA:841,11
DA:844,11
DA:845,11
DA:846,11
DA:847,5
DA:848,5
DA:849,0
DA:852,5
DA:853,5
DA:857,5
DA:859,1
DA:865,11
DA:866,11
DA:867,5
DA:868,5
DA:869,0
DA:870,5
DA:871,1
DA:876,11
DA:896,11
DA:902,11
DA:903,9
DA:904,9
DA:912,9
DA:913,2
DA:915,7
DA:918,2
DA:919,2
DA:925,2
DA:928,0
DA:934,0
DA:939,8
DA:940,12
DA:942,8
DA:943,9
DA:944,9
DA:945,9
DA:946,9
DA:947,9
DA:948,9
DA:949,9
DA:952,9
DA:953,9
DA:954,5
DA:955,5
DA:956,5
DA:957,5
DA:959,0
DA:964,9
DA:965,9
DA:967,9
DA:970,8
DA:971,8
DA:990,0
DA:991,0
DA:992,0
DA:993,0
DA:995,8
DA:999,0
DA:1000,0
DA:1002,0
DA:1007,0
DA:1008,0
DA:1026,0
DA:1028,0
DA:1029,0
DA:1030,0
DA:1031,0
DA:1032,0
DA:1035,0
DA:1036,0
DA:1037,0
DA:1040,0
DA:1064,0
DA:1082,0
DA:1085,0
DA:1086,0
DA:1097,0
DA:1117,0
DA:1119,0
DA:1120,0
DA:1125,0
DA:1126,0
DA:1127,0
DA:1128,0
DA:1129,0
DA:1131,0
DA:1134,0
DA:1135,0
DA:1136,0
DA:1137,0
DA:1139,0
DA:1143,0
DA:1144,0
DA:1145,0
DA:1146,0
DA:1147,0
DA:1148,0
DA:1149,0
DA:1150,0
DA:1151,0
DA:1153,0
DA:1154,0
DA:1156,0
DA:1162,0
DA:1163,0
DA:1164,0
DA:1166,0
DA:1167,0
DA:1168,0
DA:1169,0
DA:1170,0
DA:1173,0
DA:1177,0
DA:1178,0
DA:1179,0
DA:1180,0
DA:1181,0
DA:1182,0
DA:1183,0
DA:1184,0
DA:1185,0
DA:1186,0
DA:1187,0
DA:1191,0
DA:1192,0
DA:1193,0
DA:1194,0
DA:1195,0
DA:1196,0
DA:1197,0
DA:1198,0
DA:1199,0
DA:1201,0
DA:1204,0
DA:1206,0
DA:1208,0
DA:1237,0
DA:1238,0
DA:1239,0
DA:1240,0
DA:1243,0
DA:1245,0
DA:1246,0
DA:1255,0
DA:1257,0
DA:1258,0
DA:1260,0
DA:1261,0
DA:1262,0
DA:1266,0
DA:1267,0
DA:1268,0
DA:1269,0
DA:1273,0
DA:1274,0
DA:1275,0
DA:1282,0
DA:1283,0
DA:1288,0
DA:1291,0
DA:1293,0
DA:1359,0
DA:1363,0
DA:1364,0
DA:1368,0
DA:1369,0
DA:1372,0
DA:1373,0
DA:1374,0
DA:1375,0
DA:1376,0
DA:1377,0
DA:1381,0
DA:1384,0
DA:1385,0
DA:1386,0
DA:1387,0
DA:1391,0
DA:1392,0
DA:1393,0
DA:1394,0
DA:1395,0
DA:1396,0
DA:1398,0
DA:1403,0
DA:1404,0
DA:1405,0
DA:1406,0
DA:1410,0
DA:1411,0
DA:1412,0
DA:1417,0
DA:1420,0
DA:1427,0
DA:1428,0
DA:1429,0
DA:1431,0
DA:1450,0
DA:1451,0
DA:1456,0
DA:1469,0
DA:1475,0
DA:1476,0
DA:1477,0
DA:1481,0
DA:1482,0
DA:1484,0
DA:1511,0
DA:1512,0
DA:1514,0
DA:1516,0
DA:1519,0
LF:543
LH:134
BRDA:15,0,0,1
BRDA:15,0,1,1
BRDA:21,1,0,0
BRDA:21,1,1,1
BRDA:21,2,0,1
BRDA:21,2,1,1
BRDA:51,3,0,10
BRDA:51,3,1,0
BRDA:60,4,0,0
BRDA:76,5,0,0
BRDA:76,5,1,10
BRDA:84,6,0,0
BRDA:84,6,1,0
BRDA:119,7,0,0
BRDA:119,7,1,0
BRDA:119,8,0,0
BRDA:119,8,1,0
BRDA:119,8,2,0
BRDA:119,8,3,0
BRDA:124,9,0,0
BRDA:124,9,1,0
BRDA:126,10,0,0
BRDA:126,10,1,0
BRDA:126,10,2,0
BRDA:126,10,3,0
BRDA:126,10,4,0
BRDA:126,10,5,0
BRDA:126,10,6,0
BRDA:129,11,0,0
BRDA:129,11,1,0
BRDA:133,12,0,0
BRDA:133,12,1,0
BRDA:133,13,0,0
BRDA:133,13,1,0
BRDA:138,14,0,0
BRDA:138,14,1,0
BRDA:145,15,0,0
BRDA:145,15,1,0
BRDA:152,16,0,0
BRDA:152,16,1,0
BRDA:152,17,0,0
BRDA:152,17,1,0
BRDA:155,18,0,0
BRDA:155,18,1,0
BRDA:185,19,0,0
BRDA:185,19,1,0
BRDA:185,20,0,0
BRDA:185,20,1,0
BRDA:193,21,0,0
BRDA:193,21,1,0
BRDA:195,22,0,0
BRDA:195,22,1,0
BRDA:196,23,0,0
BRDA:196,23,1,0
BRDA:196,23,2,0
BRDA:199,24,0,0
BRDA:199,24,1,0
BRDA:206,25,0,0
BRDA:206,25,1,0
BRDA:207,26,0,0
BRDA:207,26,1,0
BRDA:207,26,2,0
BRDA:207,26,3,0
BRDA:214,27,0,0
BRDA:214,27,1,0
BRDA:214,28,0,0
BRDA:214,28,1,0
BRDA:221,29,0,0
BRDA:221,29,1,0
BRDA:222,30,0,0
BRDA:222,30,1,0
BRDA:222,30,2,0
BRDA:241,31,0,0
BRDA:241,31,1,0
BRDA:249,32,0,0
BRDA:249,32,1,5
BRDA:249,33,0,5
BRDA:249,33,1,5
BRDA:266,34,0,0
BRDA:266,34,1,5
BRDA:267,35,0,0
BRDA:267,35,1,5
BRDA:268,36,0,5
BRDA:268,36,1,0
BRDA:271,37,0,5
BRDA:271,37,1,0
BRDA:271,38,0,5
BRDA:271,38,1,5
BRDA:274,39,0,5
BRDA:274,39,1,0
BRDA:275,40,0,5
BRDA:275,40,1,0
BRDA:287,41,0,5
BRDA:287,41,1,0
BRDA:288,42,0,5
BRDA:288,42,1,0
BRDA:290,43,0,5
BRDA:290,43,1,0
BRDA:291,44,0,5
BRDA:291,44,1,0
BRDA:308,45,0,0
BRDA:308,45,1,0
BRDA:318,46,0,0
BRDA:318,46,1,5
BRDA:318,47,0,5
BRDA:318,47,1,5
BRDA:339,48,0,0
BRDA:339,48,1,5
BRDA:339,49,0,5
BRDA:339,49,1,5
BRDA:344,50,0,0
BRDA:344,50,1,5
BRDA:349,51,0,1
BRDA:349,51,1,4
BRDA:351,52,0,0
BRDA:351,52,1,5
BRDA:351,53,0,5
BRDA:351,53,1,5
BRDA:356,54,0,2
BRDA:356,54,1,3
BRDA:357,55,0,2
BRDA:357,55,1,1
BRDA:358,56,0,0
BRDA:358,56,1,1
BRDA:365,57,0,1
BRDA:365,57,1,4
BRDA:375,58,0,0
BRDA:382,59,0,0
BRDA:382,59,1,0
BRDA:382,60,0,0
BRDA:382,60,1,0
BRDA:388,61,0,0
BRDA:388,61,1,0
BRDA:388,61,2,0
BRDA:390,62,0,0
BRDA:390,62,1,0
BRDA:390,62,2,0
BRDA:392,63,0,0
BRDA:392,63,1,0
BRDA:392,63,2,0
BRDA:392,63,3,0
BRDA:392,63,4,0
BRDA:392,63,5,0
BRDA:396,64,0,0
BRDA:396,64,1,0
BRDA:399,65,0,0
BRDA:399,65,1,0
BRDA:399,66,0,0
BRDA:399,66,1,0
BRDA:401,67,0,0
BRDA:401,67,1,0
BRDA:403,68,0,0
BRDA:403,68,1,0
BRDA:418,69,0,0
BRDA:418,69,1,0
BRDA:426,70,0,0
BRDA:426,70,1,0
BRDA:426,71,0,0
BRDA:426,71,1,0
BRDA:429,72,0,0
BRDA:429,72,1,0
BRDA:433,73,0,0
BRDA:433,73,1,0
BRDA:436,74,0,0
BRDA:436,74,1,0
BRDA:437,75,0,0
BRDA:437,75,1,0
BRDA:439,76,0,0
BRDA:439,76,1,0
BRDA:462,77,0,0
BRDA:462,77,1,10
BRDA:462,78,0,10
BRDA:462,78,1,10
BRDA:467,79,0,0
BRDA:467,79,1,0
BRDA:472,80,0,0
BRDA:472,80,1,0
BRDA:473,81,0,0
BRDA:473,81,1,0
BRDA:474,82,0,0
BRDA:474,82,1,0
BRDA:477,83,0,0
BRDA:477,83,1,0
BRDA:479,84,0,0
BRDA:479,84,1,0
BRDA:480,85,0,0
BRDA:480,85,1,0
BRDA:480,86,0,0
BRDA:480,86,1,0
BRDA:498,87,0,0
BRDA:498,87,1,0
BRDA:502,88,0,0
BRDA:502,88,1,0
BRDA:502,89,0,0
BRDA:502,89,1,0
BRDA:509,90,0,0
BRDA:509,90,1,10
BRDA:514,91,0,10
BRDA:514,91,1,0
BRDA:517,92,0,0
BRDA:517,92,1,10
BRDA:517,93,0,10
BRDA:517,93,1,0
BRDA:519,94,0,10
BRDA:519,94,1,0
BRDA:529,95,0,0
BRDA:529,95,1,10
BRDA:529,96,0,10
BRDA:529,96,1,0
BRDA:530,97,0,0
BRDA:530,97,1,0
BRDA:538,98,0,0
BRDA:538,98,1,10
BRDA:538,99,0,10
BRDA:538,99,1,10
BRDA:540,100,0,0
BRDA:540,100,1,0
BRDA:541,101,0,0
BRDA:541,101,1,0
BRDA:550,102,0,0
BRDA:550,102,1,0
BRDA:552,103,0,0
BRDA:552,103,1,0
BRDA:556,104,0,0
BRDA:556,104,1,10
BRDA:556,105,0,10
BRDA:556,105,1,10
BRDA:559,106,0,0
BRDA:559,106,1,0
BRDA:559,107,0,0
BRDA:559,107,1,0
BRDA:560,108,0,0
BRDA:560,108,1,0
BRDA:564,109,0,0
BRDA:564,109,1,0
BRDA:566,110,0,0
BRDA:566,110,1,0
BRDA:572,111,0,0
BRDA:572,111,1,0
BRDA:574,112,0,0
BRDA:574,112,1,0
BRDA:578,113,0,0
BRDA:578,113,1,10
BRDA:578,114,0,10
BRDA:578,114,1,10
BRDA:580,115,0,0
BRDA:580,115,1,0
BRDA:581,116,0,0
BRDA:581,116,1,0
BRDA:585,117,0,0
BRDA:585,117,1,0
BRDA:589,118,0,0
BRDA:589,118,1,0
BRDA:590,119,0,0
BRDA:590,119,1,0
BRDA:602,120,0,0
BRDA:602,120,1,0
BRDA:602,121,0,0
BRDA:602,121,1,0
BRDA:611,122,0,0
BRDA:611,122,1,0
BRDA:618,123,0,0
BRDA:618,123,1,0
BRDA:618,124,0,0
BRDA:618,124,1,0
BRDA:627,125,0,0
BRDA:627,125,1,0
BRDA:628,126,0,0
BRDA:628,126,1,0
BRDA:629,127,0,0
BRDA:629,127,1,0
BRDA:630,128,0,0
BRDA:630,128,1,0
BRDA:631,129,0,0
BRDA:631,129,1,0
BRDA:632,130,0,0
BRDA:632,130,1,0
BRDA:640,131,0,0
BRDA:640,131,1,0
BRDA:642,132,0,0
BRDA:642,132,1,0
BRDA:655,133,0,0
BRDA:655,133,1,0
BRDA:657,134,0,0
BRDA:657,134,1,0
BRDA:678,135,0,0
BRDA:678,135,1,10
BRDA:678,136,0,10
BRDA:678,136,1,10
BRDA:701,137,0,0
BRDA:701,137,1,0
BRDA:701,138,0,0
BRDA:701,138,1,0
BRDA:732,139,0,0
BRDA:732,139,1,0
BRDA:733,140,0,0
BRDA:733,140,1,0
BRDA:734,141,0,0
BRDA:734,141,1,0
BRDA:735,142,0,0
BRDA:735,142,1,0
BRDA:736,143,0,0
BRDA:736,143,1,0
BRDA:737,144,0,0
BRDA:737,144,1,0
BRDA:738,145,0,0
BRDA:738,145,1,0
BRDA:738,146,0,0
BRDA:738,146,1,0
BRDA:739,147,0,0
BRDA:739,147,1,0
BRDA:746,148,0,0
BRDA:746,148,1,0
BRDA:756,149,0,0
BRDA:756,149,1,0
BRDA:757,150,0,0
BRDA:757,150,1,0
BRDA:758,151,0,0
BRDA:758,151,1,0
BRDA:759,152,0,0
BRDA:759,152,1,0
BRDA:760,153,0,0
BRDA:760,153,1,0
BRDA:761,154,0,0
BRDA:761,154,1,0
BRDA:762,155,0,0
BRDA:762,155,1,0
BRDA:762,156,0,0
BRDA:762,156,1,0
BRDA:763,157,0,0
BRDA:763,157,1,0
BRDA:771,158,0,0
BRDA:771,158,1,0
BRDA:792,159,0,10
BRDA:792,159,1,0
BRDA:792,160,0,10
BRDA:792,160,1,10
BRDA:797,161,0,2
BRDA:797,161,1,8
BRDA:797,162,0,10
BRDA:797,162,1,10
BRDA:797,162,2,9
BRDA:829,163,0,1
BRDA:829,163,1,11
BRDA:846,164,0,5
BRDA:846,164,1,6
BRDA:848,165,0,0
BRDA:848,165,1,5
BRDA:852,166,0,5
BRDA:852,166,1,0
BRDA:857,167,0,1
BRDA:857,167,1,4
BRDA:857,168,0,5
BRDA:857,168,1,5
BRDA:857,168,2,4
BRDA:866,169,0,5
BRDA:866,169,1,6
BRDA:866,170,0,11
BRDA:866,170,1,11
BRDA:868,171,0,0
BRDA:868,171,1,5
BRDA:870,172,0,1
BRDA:870,172,1,4
BRDA:879,173,0,11
BRDA:879,173,1,10
BRDA:880,174,0,11
BRDA:880,174,1,0
BRDA:881,175,0,11
BRDA:881,175,1,6
BRDA:882,176,0,11
BRDA:882,176,1,6
BRDA:883,177,0,11
BRDA:883,177,1,0
BRDA:884,178,0,11
BRDA:884,178,1,4
BRDA:885,179,0,11
BRDA:885,179,1,7
BRDA:885,179,2,6
BRDA:886,180,0,11
BRDA:886,180,1,11
BRDA:887,181,0,11
BRDA:887,181,1,11
BRDA:888,182,0,11
BRDA:888,182,1,6
BRDA:889,183,0,11
BRDA:889,183,1,6
BRDA:890,184,0,11
BRDA:890,184,1,6
BRDA:890,184,2,6
BRDA:891,185,0,3
BRDA:891,185,1,8
BRDA:896,186,0,11
BRDA:896,186,1,0
BRDA:902,187,0,9
BRDA:902,187,1,2
BRDA:912,188,0,2
BRDA:912,188,1,7
BRDA:944,189,0,9
BRDA:944,189,1,0
BRDA:945,190,0,9
BRDA:945,190,1,8
BRDA:946,191,0,9
BRDA:946,191,1,0
BRDA:947,192,0,9
BRDA:947,192,1,4
BRDA:948,193,0,9
BRDA:948,193,1,0
BRDA:949,194,0,9
BRDA:949,194,1,2
BRDA:953,195,0,5
BRDA:953,195,1,4
BRDA:955,196,0,5
BRDA:955,196,1,0
BRDA:999,197,0,0
BRDA:999,197,1,0
BRDA:999,198,0,0
BRDA:999,198,1,0
BRDA:1028,199,0,0
BRDA:1028,199,1,0
BRDA:1028,200,0,0
BRDA:1028,200,1,0
BRDA:1065,201,0,0
BRDA:1065,201,1,0
BRDA:1066,202,0,0
BRDA:1066,202,1,0
BRDA:1067,203,0,0
BRDA:1067,203,1,0
BRDA:1068,204,0,0
BRDA:1068,204,1,0
BRDA:1069,205,0,0
BRDA:1069,205,1,0
BRDA:1070,206,0,0
BRDA:1070,206,1,0
BRDA:1071,207,0,0
BRDA:1071,207,1,0
BRDA:1072,208,0,0
BRDA:1072,208,1,0
BRDA:1073,209,0,0
BRDA:1073,209,1,0
BRDA:1074,210,0,0
BRDA:1074,210,1,0
BRDA:1075,211,0,0
BRDA:1075,211,1,0
BRDA:1076,212,0,0
BRDA:1076,212,1,0
BRDA:1077,213,0,0
BRDA:1077,213,1,0
BRDA:1077,214,0,0
BRDA:1077,214,1,0
BRDA:1078,215,0,0
BRDA:1078,215,1,0
BRDA:1085,216,0,0
BRDA:1085,216,1,0
BRDA:1100,217,0,0
BRDA:1100,217,1,0
BRDA:1101,218,0,0
BRDA:1101,218,1,0
BRDA:1102,219,0,0
BRDA:1102,219,1,0
BRDA:1103,220,0,0
BRDA:1103,220,1,0
BRDA:1104,221,0,0
BRDA:1104,221,1,0
BRDA:1105,222,0,0
BRDA:1105,222,1,0
BRDA:1106,223,0,0
BRDA:1106,223,1,0
BRDA:1107,224,0,0
BRDA:1107,224,1,0
BRDA:1108,225,0,0
BRDA:1108,225,1,0
BRDA:1109,226,0,0
BRDA:1109,226,1,0
BRDA:1110,227,0,0
BRDA:1110,227,1,0
BRDA:1111,228,0,0
BRDA:1111,228,1,0
BRDA:1112,229,0,0
BRDA:1112,229,1,0
BRDA:1112,230,0,0
BRDA:1112,230,1,0
BRDA:1113,231,0,0
BRDA:1113,231,1,0
BRDA:1122,232,0,0
BRDA:1122,232,1,0
BRDA:1143,233,0,0
BRDA:1143,233,1,0
BRDA:1143,234,0,0
BRDA:1143,234,1,0
BRDA:1148,235,0,0
BRDA:1148,235,1,0
BRDA:1148,236,0,0
BRDA:1148,236,1,0
BRDA:1148,236,2,0
BRDA:1149,237,0,0
BRDA:1149,237,1,0
BRDA:1149,238,0,0
BRDA:1149,238,1,0
BRDA:1154,239,0,0
BRDA:1154,239,1,0
BRDA:1164,240,0,0
BRDA:1164,240,1,0
BRDA:1170,241,0,0
BRDA:1170,241,1,0
BRDA:1170,242,0,0
BRDA:1170,242,1,0
BRDA:1170,243,0,0
BRDA:1170,243,1,0
BRDA:1170,244,0,0
BRDA:1170,244,1,0
BRDA:1170,245,0,0
BRDA:1170,245,1,0
BRDA:1170,246,0,0
BRDA:1170,246,1,0
BRDA:1170,247,0,0
BRDA:1170,247,1,0
BRDA:1177,248,0,0
BRDA:1177,248,1,0
BRDA:1177,249,0,0
BRDA:1177,249,1,0
BRDA:1180,250,0,0
BRDA:1180,250,1,0
BRDA:1184,251,0,0
BRDA:1184,251,1,0
BRDA:1185,252,0,0
BRDA:1185,252,1,0
BRDA:1191,253,0,0
BRDA:1191,253,1,0
BRDA:1192,254,0,0
BRDA:1192,254,1,0
BRDA:1195,255,0,0
BRDA:1195,255,1,0
BRDA:1196,256,0,0
BRDA:1196,256,1,0
BRDA:1199,257,0,0
BRDA:1199,257,1,0
BRDA:1199,258,0,0
BRDA:1199,258,1,0
BRDA:1204,259,0,0
BRDA:1204,259,1,0
BRDA:1204,260,0,0
BRDA:1204,260,1,0
BRDA:1209,261,0,0
BRDA:1209,261,1,0
BRDA:1209,261,2,0
BRDA:1210,262,0,0
BRDA:1210,262,1,0
BRDA:1210,262,2,0
BRDA:1212,263,0,0
BRDA:1212,263,1,0
BRDA:1212,263,2,0
BRDA:1214,264,0,0
BRDA:1214,264,1,0
BRDA:1214,264,2,0
BRDA:1215,265,0,0
BRDA:1215,265,1,0
BRDA:1215,265,2,0
BRDA:1216,266,0,0
BRDA:1216,266,1,0
BRDA:1216,266,2,0
BRDA:1217,267,0,0
BRDA:1217,267,1,0
BRDA:1217,267,2,0
BRDA:1218,268,0,0
BRDA:1218,268,1,0
BRDA:1218,268,2,0
BRDA:1219,269,0,0
BRDA:1219,269,1,0
BRDA:1219,269,2,0
BRDA:1220,270,0,0
BRDA:1220,270,1,0
BRDA:1221,271,0,0
BRDA:1221,271,1,0
BRDA:1221,271,2,0
BRDA:1222,272,0,0
BRDA:1222,272,1,0
BRDA:1222,272,2,0
BRDA:1223,273,0,0
BRDA:1223,273,1,0
BRDA:1223,273,2,0
BRDA:1224,274,0,0
BRDA:1224,274,1,0
BRDA:1224,274,2,0
BRDA:1225,275,0,0
BRDA:1225,275,1,0
BRDA:1225,275,2,0
BRDA:1226,276,0,0
BRDA:1226,276,1,0
BRDA:1227,277,0,0
BRDA:1227,277,1,0
BRDA:1227,277,2,0
BRDA:1228,278,0,0
BRDA:1228,278,1,0
BRDA:1228,278,2,0
BRDA:1229,279,0,0
BRDA:1229,279,1,0
BRDA:1229,279,2,0
BRDA:1230,280,0,0
BRDA:1230,280,1,0
BRDA:1230,280,2,0
BRDA:1231,281,0,0
BRDA:1231,281,1,0
BRDA:1231,281,2,0
BRDA:1232,282,0,0
BRDA:1232,282,1,0
BRDA:1232,282,2,0
BRDA:1233,283,0,0
BRDA:1233,283,1,0
BRDA:1233,283,2,0
BRDA:1234,284,0,0
BRDA:1234,284,1,0
BRDA:1234,284,2,0
BRDA:1239,285,0,0
BRDA:1239,285,1,0
BRDA:1243,286,0,0
BRDA:1243,286,1,0
BRDA:1243,287,0,0
BRDA:1243,287,1,0
BRDA:1243,287,2,0
BRDA:1258,288,0,0
BRDA:1258,288,1,0
BRDA:1261,289,0,0
BRDA:1261,289,1,0
BRDA:1273,290,0,0
BRDA:1273,290,1,0
BRDA:1276,291,0,0
BRDA:1276,291,1,0
BRDA:1277,292,0,0
BRDA:1277,292,1,0
BRDA:1277,292,2,0
BRDA:1278,293,0,0
BRDA:1278,293,1,0
BRDA:1278,293,2,0
BRDA:1278,293,3,0
BRDA:1282,294,0,0
BRDA:1282,294,1,0
BRDA:1288,295,0,0
BRDA:1288,295,1,0
BRDA:1295,296,0,0
BRDA:1295,296,1,0
BRDA:1296,297,0,0
BRDA:1296,297,1,0
BRDA:1297,298,0,0
BRDA:1297,298,1,0
BRDA:1300,299,0,0
BRDA:1300,299,1,0
BRDA:1301,300,0,0
BRDA:1301,300,1,0
BRDA:1302,301,0,0
BRDA:1302,301,1,0
BRDA:1303,302,0,0
BRDA:1303,302,1,0
BRDA:1304,303,0,0
BRDA:1304,303,1,0
BRDA:1305,304,0,0
BRDA:1305,304,1,0
BRDA:1306,305,0,0
BRDA:1306,305,1,0
BRDA:1307,306,0,0
BRDA:1307,306,1,0
BRDA:1310,307,0,0
BRDA:1310,307,1,0
BRDA:1311,308,0,0
BRDA:1311,308,1,0
BRDA:1312,309,0,0
BRDA:1312,309,1,0
BRDA:1313,310,0,0
BRDA:1313,310,1,0
BRDA:1314,311,0,0
BRDA:1314,311,1,0
BRDA:1317,312,0,0
BRDA:1317,312,1,0
BRDA:1318,313,0,0
BRDA:1318,313,1,0
BRDA:1319,314,0,0
BRDA:1319,314,1,0
BRDA:1320,315,0,0
BRDA:1320,315,1,0
BRDA:1321,316,0,0
BRDA:1321,316,1,0
BRDA:1322,317,0,0
BRDA:1322,317,1,0
BRDA:1323,318,0,0
BRDA:1323,318,1,0
BRDA:1324,319,0,0
BRDA:1324,319,1,0
BRDA:1325,320,0,0
BRDA:1325,320,1,0
BRDA:1326,321,0,0
BRDA:1326,321,1,0
BRDA:1327,322,0,0
BRDA:1327,322,1,0
BRDA:1328,323,0,0
BRDA:1328,323,1,0
BRDA:1329,324,0,0
BRDA:1329,324,1,0
BRDA:1330,325,0,0
BRDA:1330,325,1,0
BRDA:1331,326,0,0
BRDA:1331,326,1,0
BRDA:1332,327,0,0
BRDA:1332,327,1,0
BRDA:1333,328,0,0
BRDA:1333,328,1,0
BRDA:1334,329,0,0
BRDA:1334,329,1,0
BRDA:1335,330,0,0
BRDA:1335,330,1,0
BRDA:1336,331,0,0
BRDA:1336,331,1,0
BRDA:1337,332,0,0
BRDA:1337,332,1,0
BRDA:1340,333,0,0
BRDA:1340,333,1,0
BRDA:1341,334,0,0
BRDA:1341,334,1,0
BRDA:1342,335,0,0
BRDA:1342,335,1,0
BRDA:1345,336,0,0
BRDA:1345,336,1,0
BRDA:1346,337,0,0
BRDA:1346,337,1,0
BRDA:1349,338,0,0
BRDA:1349,338,1,0
BRDA:1350,339,0,0
BRDA:1350,339,1,0
BRDA:1351,340,0,0
BRDA:1351,340,1,0
BRDA:1352,341,0,0
BRDA:1352,341,1,0
BRDA:1353,342,0,0
BRDA:1353,342,1,0
BRDA:1354,343,0,0
BRDA:1354,343,1,0
BRDA:1355,344,0,0
BRDA:1355,344,1,0
BRDA:1356,345,0,0
BRDA:1356,345,1,0
BRDA:1357,346,0,0
BRDA:1357,346,1,0
BRDA:1368,347,0,0
BRDA:1368,347,1,0
BRDA:1372,348,0,0
BRDA:1372,348,1,0
BRDA:1373,349,0,0
BRDA:1373,349,1,0
BRDA:1385,350,0,0
BRDA:1385,350,1,0
BRDA:1387,351,0,0
BRDA:1387,351,1,0
BRDA:1391,352,0,0
BRDA:1391,352,1,0
BRDA:1391,353,0,0
BRDA:1391,353,1,0
BRDA:1394,354,0,0
BRDA:1394,354,1,0
BRDA:1395,355,0,0
BRDA:1395,355,1,0
BRDA:1396,356,0,0
BRDA:1396,356,1,0
BRDA:1396,357,0,0
BRDA:1396,357,1,0
BRDA:1404,358,0,0
BRDA:1404,358,1,0
BRDA:1406,359,0,0
BRDA:1406,359,1,0
BRDA:1427,360,0,0
BRDA:1427,360,1,0
BRDA:1429,361,0,0
BRDA:1429,361,1,0
BRDA:1444,362,0,0
BRDA:1444,362,1,0
BRDA:1447,363,0,0
BRDA:1447,363,1,0
BRDA:1460,364,0,0
BRDA:1460,364,1,0
BRDA:1462,365,0,0
BRDA:1462,365,1,0
BRDA:1475,366,0,0
BRDA:1475,366,1,0
BRDA:1481,367,0,0
BRDA:1481,367,1,0
BRDA:1481,368,0,0
BRDA:1481,368,1,0
BRDA:1494,369,0,0
BRDA:1494,369,1,0
BRDA:1495,370,0,0
BRDA:1495,370,1,0
BRDA:1496,371,0,0
BRDA:1496,371,1,0
BRDA:1497,372,0,0
BRDA:1497,372,1,0
BRDA:1498,373,0,0
BRDA:1498,373,1,0
BRDA:1499,374,0,0
BRDA:1499,374,1,0
BRDA:1500,375,0,0
BRDA:1500,375,1,0
BRDA:1501,376,0,0
BRDA:1501,376,1,0
BRDA:1502,377,0,0
BRDA:1502,377,1,0
BRDA:1503,378,0,0
BRDA:1503,378,1,0
BRDA:1504,379,0,0
BRDA:1504,379,1,0
BRDA:1505,380,0,0
BRDA:1505,380,1,0
BRDA:1506,381,0,0
BRDA:1506,381,1,0
BRDA:1507,382,0,0
BRDA:1507,382,1,0
BRDA:1511,383,0,0
BRDA:1511,383,1,0
BRF:814
BRH:132
end_of_record
TN:
SF:lib/tokeetFieldMap.js
FN:150,getSupportedFields
FN:158,getTargetColumns
FN:160,(anonymous_2)
FN:161,(anonymous_3)
FN:169,getFieldMapping
FN:178,isFieldSupported
FNF:6
FNH:0
FNDA:0,getSupportedFields
FNDA:0,getTargetColumns
FNDA:0,(anonymous_2)
FNDA:0,(anonymous_3)
FNDA:0,getFieldMapping
FNDA:0,isFieldSupported
DA:23,1
DA:151,0
DA:159,0
DA:160,0
DA:161,0
DA:170,0
DA:179,0
DA:186,1
DA:193,1
LF:9
LH:3
BRF:0
BRH:0
end_of_record
