TN:
SF:index.js
FN:13,validateAndGetBaseUrl
FN:49,(anonymous_1)
FN:49,(anonymous_2)
FN:50,(anonymous_3)
FN:51,(anonymous_4)
FN:60,fetchJson
FN:72,sendCORS
FN:84,pad
FN:92,fmtDate
FN:100,resolveTemplateDates
FN:105,(anonymous_10)
FN:106,(anonymous_11)
FN:118,coerceValue
FN:160,(anonymous_13)
FN:176,parseCSVRowToDBObject
FN:183,(anonymous_15)
FN:210,(anonymous_16)
FN:241,cap1
FN:248,parseMRZ
FN:317,generateMRZHash
FN:338,validateOCRConfidence
FN:375,detectPassportDuplicates
FN:416,mergePassportDirect
FN:549,normalizeStayIdFreeform
FN:560,(anonymous_24)
FN:567,(anonymous_25)
FN:574,(anonymous_26)
FN:577,(anonymous_27)
FN:590,(anonymous_28)
FN:597,(anonymous_29)
FN:599,(anonymous_30)
FN:600,(anonymous_31)
FN:609,(anonymous_32)
FN:711,(anonymous_33)
FN:819,(anonymous_34)
FN:926,(anonymous_35)
FN:1035,(anonymous_36)
FN:1099,(anonymous_37)
FN:1167,(anonymous_38)
FN:1353,(anonymous_39)
FN:1417,(anonymous_40)
FN:1450,(anonymous_41)
FN:1552,(anonymous_42)
FN:1575,mergeOrInsertPassport
FN:1626,handlePassportUpsertOrMerge
FNF:45
FNH:26
FNDA:2,validateAndGetBaseUrl
FNDA:14,(anonymous_1)
FNDA:14,(anonymous_2)
FNDA:14,(anonymous_3)
FNDA:14,(anonymous_4)
FNDA:3,fetchJson
FNDA:14,sendCORS
FNDA:0,pad
FNDA:0,fmtDate
FNDA:3,resolveTemplateDates
FNDA:0,(anonymous_10)
FNDA:0,(anonymous_11)
FNDA:83,coerceValue
FNDA:5,(anonymous_13)
FNDA:5,parseCSVRowToDBObject
FNDA:86,(anonymous_15)
FNDA:6,(anonymous_16)
FNDA:46,cap1
FNDA:5,parseMRZ
FNDA:5,generateMRZHash
FNDA:5,validateOCRConfidence
FNDA:0,detectPassportDuplicates
FNDA:0,mergePassportDirect
FNDA:15,normalizeStayIdFreeform
FNDA:181,(anonymous_24)
FNDA:609,(anonymous_25)
FNDA:62,(anonymous_26)
FNDA:0,(anonymous_27)
FNDA:14,(anonymous_28)
FNDA:0,(anonymous_29)
FNDA:0,(anonymous_30)
FNDA:0,(anonymous_31)
FNDA:0,(anonymous_32)
FNDA:0,(anonymous_33)
FNDA:0,(anonymous_34)
FNDA:0,(anonymous_35)
FNDA:3,(anonymous_36)
FNDA:13,(anonymous_37)
FNDA:0,(anonymous_38)
FNDA:0,(anonymous_39)
FNDA:86,(anonymous_40)
FNDA:5,(anonymous_41)
FNDA:0,(anonymous_42)
FNDA:0,mergeOrInsertPassport
FNDA:0,handlePassportUpsertOrMerge
DA:1,2
DA:2,2
DA:3,2
DA:6,2
DA:15,2
DA:17,2
DA:18,2
DA:21,2
DA:22,0
DA:27,0
DA:30,2
DA:32,0
DA:36,0
DA:41,2
DA:49,14
DA:50,14
DA:51,14
DA:52,14
DA:61,3
DA:62,3
DA:63,3
DA:64,3
DA:73,14
DA:74,14
DA:75,14
DA:76,14
DA:77,14
DA:84,0
DA:92,0
DA:101,3
DA:102,3
DA:103,3
DA:104,3
DA:105,0
DA:106,0
DA:107,0
DA:119,83
DA:120,3
DA:123,80
DA:124,80
DA:126,80
DA:128,9
DA:129,9
DA:132,9
DA:133,9
DA:136,11
DA:137,11
DA:138,11
DA:140,0
DA:145,6
DA:146,6
DA:148,0
DA:152,3
DA:153,0
DA:154,0
DA:155,0
DA:157,0
DA:160,5
DA:165,42
DA:177,5
DA:183,5
DA:184,86
DA:185,86
DA:187,83
DA:188,83
DA:189,83
DA:193,5
DA:194,5
DA:195,5
DA:196,5
DA:199,5
DA:200,3
DA:201,3
DA:206,5
DA:207,5
DA:210,6
DA:214,5
DA:215,5
DA:216,5
DA:217,5
DA:221,5
DA:222,5
DA:226,5
DA:228,5
DA:232,2
DA:233,2
DA:234,2
DA:241,46
DA:249,5
DA:250,0
DA:253,5
DA:256,5
DA:265,5
DA:266,5
DA:267,5
DA:268,5
DA:271,5
DA:272,5
DA:273,5
DA:274,5
DA:275,5
DA:278,5
DA:281,5
DA:282,5
DA:284,5
DA:296,0
DA:304,0
DA:318,5
DA:319,0
DA:323,5
DA:325,5
DA:326,5
DA:328,0
DA:329,0
DA:339,5
DA:340,0
DA:343,5
DA:344,5
DA:345,0
DA:349,5
DA:351,5
DA:352,0
DA:355,5
DA:356,5
DA:357,3
DA:358,1
DA:360,5
DA:376,0
DA:382,0
DA:383,0
DA:386,0
DA:387,0
DA:399,0
DA:400,0
DA:401,0
DA:402,0
DA:403,0
DA:404,0
DA:408,0
DA:417,0
DA:419,0
DA:441,0
DA:443,0
DA:444,0
DA:447,0
DA:448,0
DA:449,0
DA:452,0
DA:476,0
DA:494,0
DA:497,0
DA:498,0
DA:509,0
DA:529,0
DA:531,0
DA:536,0
DA:537,0
DA:539,0
DA:550,15
DA:551,15
DA:552,15
DA:553,15
DA:554,15
DA:557,15
DA:558,47
DA:559,46
DA:560,181
DA:561,46
DA:564,15
DA:565,62
DA:566,60
DA:567,609
DA:568,60
DA:569,46
DA:570,0
DA:571,0
DA:574,62
DA:575,15
DA:576,15
DA:577,15
DA:579,15
DA:580,15
DA:590,2
DA:592,14
DA:593,14
DA:594,14
DA:595,0
DA:597,0
DA:598,0
DA:599,0
DA:600,0
DA:601,0
DA:602,0
DA:604,0
DA:605,0
DA:606,0
DA:609,0
DA:611,0
DA:612,0
DA:613,0
DA:616,0
DA:628,0
DA:629,0
DA:630,0
DA:631,0
DA:632,0
DA:634,0
DA:635,0
DA:641,14
DA:645,14
DA:646,14
DA:649,14
DA:651,14
DA:652,14
DA:661,14
DA:662,0
DA:663,0
DA:664,0
DA:665,0
DA:666,0
DA:670,14
DA:671,0
DA:672,0
DA:673,0
DA:674,0
DA:675,0
DA:676,0
DA:681,0
DA:682,0
DA:683,0
DA:684,0
DA:688,14
DA:689,0
DA:690,0
DA:691,0
DA:692,0
DA:693,0
DA:696,0
DA:698,0
DA:699,0
DA:700,0
DA:703,0
DA:704,0
DA:705,0
DA:706,0
DA:710,14
DA:711,0
DA:712,0
DA:713,0
DA:716,0
DA:717,0
DA:718,0
DA:721,0
DA:722,0
DA:723,0
DA:724,0
DA:725,0
DA:726,0
DA:730,0
DA:731,0
DA:733,0
DA:734,0
DA:735,0
DA:736,0
DA:740,0
DA:741,0
DA:743,0
DA:744,0
DA:745,0
DA:748,0
DA:750,0
DA:752,0
DA:753,0
DA:754,0
DA:755,0
DA:756,0
DA:759,0
DA:760,0
DA:761,0
DA:762,0
DA:763,0
DA:764,0
DA:766,0
DA:772,0
DA:773,0
DA:774,0
DA:775,0
DA:777,0
DA:781,0
DA:787,0
DA:788,0
DA:789,0
DA:790,0
DA:792,0
DA:797,0
DA:798,0
DA:806,0
DA:810,14
DA:811,0
DA:813,0
DA:818,0
DA:819,0
DA:831,0
DA:833,0
DA:834,0
DA:835,0
DA:836,0
DA:837,0
DA:840,0
DA:841,0
DA:842,0
DA:845,0
DA:863,0
DA:875,0
DA:878,0
DA:879,0
DA:885,0
DA:899,0
DA:900,0
DA:901,0
DA:906,0
DA:907,0
DA:908,0
DA:909,0
DA:910,0
DA:912,0
DA:915,0
DA:916,0
DA:917,0
DA:918,0
DA:920,0
DA:924,14
DA:925,11
DA:926,11
DA:927,11
DA:930,11
DA:931,11
DA:932,10
DA:933,10
DA:934,10
DA:939,11
DA:940,2
DA:941,2
DA:942,2
DA:960,2
DA:963,9
DA:964,9
DA:967,9
DA:968,13
DA:970,13
DA:972,13
DA:973,1
DA:979,1
DA:980,1
DA:984,12
DA:987,12
DA:988,12
DA:989,12
DA:990,5
DA:991,5
DA:992,0
DA:995,5
DA:996,5
DA:1000,5
DA:1002,1
DA:1008,12
DA:1009,12
DA:1010,5
DA:1011,5
DA:1012,0
DA:1013,5
DA:1014,1
DA:1020,12
DA:1038,3
DA:1044,12
DA:1046,12
DA:1048,12
DA:1054,12
DA:1055,2
DA:1058,10
DA:1061,0
DA:1064,10
DA:1072,10
DA:1073,2
DA:1075,8
DA:1078,2
DA:1084,2
DA:1087,0
DA:1093,0
DA:1098,9
DA:1099,13
DA:1101,9
DA:1102,10
DA:1103,10
DA:1104,10
DA:1105,10
DA:1106,10
DA:1107,10
DA:1108,10
DA:1111,10
DA:1112,10
DA:1113,5
DA:1114,5
DA:1115,5
DA:1116,5
DA:1118,0
DA:1123,10
DA:1124,10
DA:1126,10
DA:1129,9
DA:1130,9
DA:1149,0
DA:1150,0
DA:1151,0
DA:1152,0
DA:1154,9
DA:1158,3
DA:1159,0
DA:1161,0
DA:1166,0
DA:1167,0
DA:1185,0
DA:1187,0
DA:1188,0
DA:1189,0
DA:1190,0
DA:1191,0
DA:1194,0
DA:1195,0
DA:1196,0
DA:1199,0
DA:1223,0
DA:1241,0
DA:1244,0
DA:1245,0
DA:1256,0
DA:1276,0
DA:1278,0
DA:1279,0
DA:1284,0
DA:1285,0
DA:1286,0
DA:1287,0
DA:1288,0
DA:1290,0
DA:1293,0
DA:1294,0
DA:1295,0
DA:1296,0
DA:1298,0
DA:1302,3
DA:1303,0
DA:1304,0
DA:1305,0
DA:1306,0
DA:1307,0
DA:1308,0
DA:1309,0
DA:1310,0
DA:1312,0
DA:1313,0
DA:1315,0
DA:1321,0
DA:1322,0
DA:1323,0
DA:1325,0
DA:1326,0
DA:1327,0
DA:1328,0
DA:1329,0
DA:1332,0
DA:1336,3
DA:1337,0
DA:1338,0
DA:1339,0
DA:1340,0
DA:1341,0
DA:1342,0
DA:1343,0
DA:1344,0
DA:1345,0
DA:1346,0
DA:1350,3
DA:1351,3
DA:1352,3
DA:1353,3
DA:1354,3
DA:1355,3
DA:1356,3
DA:1357,3
DA:1358,3
DA:1360,3
DA:1363,3
DA:1365,0
DA:1367,0
DA:1396,0
DA:1397,0
DA:1398,0
DA:1399,0
DA:1402,3
DA:1404,3
DA:1405,3
DA:1414,3
DA:1416,5
DA:1417,86
DA:1419,5
DA:1420,5
DA:1421,5
DA:1425,0
DA:1426,0
DA:1427,0
DA:1428,0
DA:1432,0
DA:1433,0
DA:1434,0
DA:1441,0
DA:1442,0
DA:1447,3
DA:1450,3
DA:1452,5
DA:1518,5
DA:1522,3
DA:1523,3
DA:1527,3
DA:1528,3
DA:1531,3
DA:1532,3
DA:1533,3
DA:1534,3
DA:1535,3
DA:1536,3
DA:1540,0
DA:1543,0
DA:1544,0
DA:1545,0
DA:1546,0
DA:1550,0
DA:1551,0
DA:1552,0
DA:1553,0
DA:1554,0
DA:1555,0
DA:1557,0
DA:1562,0
DA:1563,0
DA:1564,0
DA:1565,0
DA:1569,0
DA:1570,0
DA:1571,0
DA:1576,0
DA:1579,0
DA:1586,0
DA:1587,0
DA:1588,0
DA:1590,0
DA:1609,0
DA:1610,0
DA:1615,0
DA:1628,0
DA:1634,0
DA:1635,0
DA:1636,0
DA:1640,0
DA:1641,0
DA:1643,0
DA:1670,0
DA:1671,0
DA:1673,0
DA:1675,0
DA:1678,0
LF:571
LH:252
BRDA:15,0,0,2
BRDA:15,0,1,2
BRDA:21,1,0,0
BRDA:21,1,1,2
BRDA:21,2,0,2
BRDA:21,2,1,2
BRDA:51,3,0,14
BRDA:51,3,1,0
BRDA:60,4,0,3
BRDA:76,5,0,0
BRDA:76,5,1,14
BRDA:84,6,0,0
BRDA:84,6,1,0
BRDA:119,7,0,3
BRDA:119,7,1,80
BRDA:119,8,0,83
BRDA:119,8,1,80
BRDA:119,8,2,80
BRDA:119,8,3,80
BRDA:124,9,0,0
BRDA:124,9,1,80
BRDA:126,10,0,9
BRDA:126,10,1,9
BRDA:126,10,2,11
BRDA:126,10,3,6
BRDA:126,10,4,3
BRDA:126,10,5,42
BRDA:126,10,6,42
BRDA:129,11,0,9
BRDA:129,11,1,0
BRDA:133,12,0,9
BRDA:133,12,1,0
BRDA:133,13,0,9
BRDA:133,13,1,9
BRDA:138,14,0,11
BRDA:138,14,1,0
BRDA:145,15,0,6
BRDA:145,15,1,0
BRDA:152,16,0,0
BRDA:152,16,1,3
BRDA:152,17,0,3
BRDA:152,17,1,0
BRDA:155,18,0,0
BRDA:155,18,1,0
BRDA:185,19,0,3
BRDA:185,19,1,83
BRDA:185,20,0,86
BRDA:185,20,1,86
BRDA:193,21,0,5
BRDA:193,21,1,0
BRDA:195,22,0,5
BRDA:195,22,1,0
BRDA:196,23,0,5
BRDA:196,23,1,0
BRDA:196,23,2,0
BRDA:199,24,0,3
BRDA:199,24,1,2
BRDA:206,25,0,5
BRDA:206,25,1,0
BRDA:207,26,0,5
BRDA:207,26,1,3
BRDA:207,26,2,1
BRDA:207,26,3,0
BRDA:214,27,0,5
BRDA:214,27,1,0
BRDA:214,28,0,5
BRDA:214,28,1,5
BRDA:221,29,0,5
BRDA:221,29,1,0
BRDA:222,30,0,5
BRDA:222,30,1,2
BRDA:222,30,2,2
BRDA:241,31,0,0
BRDA:241,31,1,46
BRDA:249,32,0,0
BRDA:249,32,1,5
BRDA:249,33,0,5
BRDA:249,33,1,5
BRDA:266,34,0,0
BRDA:266,34,1,5
BRDA:267,35,0,0
BRDA:267,35,1,5
BRDA:268,36,0,5
BRDA:268,36,1,0
BRDA:271,37,0,5
BRDA:271,37,1,0
BRDA:271,38,0,5
BRDA:271,38,1,5
BRDA:274,39,0,5
BRDA:274,39,1,0
BRDA:275,40,0,5
BRDA:275,40,1,0
BRDA:287,41,0,5
BRDA:287,41,1,0
BRDA:288,42,0,5
BRDA:288,42,1,0
BRDA:290,43,0,5
BRDA:290,43,1,0
BRDA:291,44,0,5
BRDA:291,44,1,0
BRDA:308,45,0,0
BRDA:308,45,1,0
BRDA:318,46,0,0
BRDA:318,46,1,5
BRDA:318,47,0,5
BRDA:318,47,1,5
BRDA:339,48,0,0
BRDA:339,48,1,5
BRDA:339,49,0,5
BRDA:339,49,1,5
BRDA:344,50,0,0
BRDA:344,50,1,5
BRDA:349,51,0,1
BRDA:349,51,1,4
BRDA:351,52,0,0
BRDA:351,52,1,5
BRDA:351,53,0,5
BRDA:351,53,1,5
BRDA:356,54,0,2
BRDA:356,54,1,3
BRDA:357,55,0,2
BRDA:357,55,1,1
BRDA:358,56,0,0
BRDA:358,56,1,1
BRDA:365,57,0,1
BRDA:365,57,1,4
BRDA:375,58,0,0
BRDA:382,59,0,0
BRDA:382,59,1,0
BRDA:382,60,0,0
BRDA:382,60,1,0
BRDA:388,61,0,0
BRDA:388,61,1,0
BRDA:388,61,2,0
BRDA:390,62,0,0
BRDA:390,62,1,0
BRDA:390,62,2,0
BRDA:392,63,0,0
BRDA:392,63,1,0
BRDA:392,63,2,0
BRDA:392,63,3,0
BRDA:392,63,4,0
BRDA:392,63,5,0
BRDA:396,64,0,0
BRDA:396,64,1,0
BRDA:399,65,0,0
BRDA:399,65,1,0
BRDA:399,66,0,0
BRDA:399,66,1,0
BRDA:401,67,0,0
BRDA:401,67,1,0
BRDA:403,68,0,0
BRDA:403,68,1,0
BRDA:443,69,0,0
BRDA:443,69,1,0
BRDA:443,70,0,0
BRDA:443,70,1,0
BRDA:477,71,0,0
BRDA:477,71,1,0
BRDA:478,72,0,0
BRDA:478,72,1,0
BRDA:479,73,0,0
BRDA:479,73,1,0
BRDA:480,74,0,0
BRDA:480,74,1,0
BRDA:481,75,0,0
BRDA:481,75,1,0
BRDA:482,76,0,0
BRDA:482,76,1,0
BRDA:483,77,0,0
BRDA:483,77,1,0
BRDA:484,78,0,0
BRDA:484,78,1,0
BRDA:485,79,0,0
BRDA:485,79,1,0
BRDA:486,80,0,0
BRDA:486,80,1,0
BRDA:487,81,0,0
BRDA:487,81,1,0
BRDA:488,82,0,0
BRDA:488,82,1,0
BRDA:489,83,0,0
BRDA:489,83,1,0
BRDA:489,84,0,0
BRDA:489,84,1,0
BRDA:490,85,0,0
BRDA:490,85,1,0
BRDA:497,86,0,0
BRDA:497,86,1,0
BRDA:512,87,0,0
BRDA:512,87,1,0
BRDA:513,88,0,0
BRDA:513,88,1,0
BRDA:514,89,0,0
BRDA:514,89,1,0
BRDA:515,90,0,0
BRDA:515,90,1,0
BRDA:516,91,0,0
BRDA:516,91,1,0
BRDA:517,92,0,0
BRDA:517,92,1,0
BRDA:518,93,0,0
BRDA:518,93,1,0
BRDA:519,94,0,0
BRDA:519,94,1,0
BRDA:520,95,0,0
BRDA:520,95,1,0
BRDA:521,96,0,0
BRDA:521,96,1,0
BRDA:522,97,0,0
BRDA:522,97,1,0
BRDA:523,98,0,0
BRDA:523,98,1,0
BRDA:524,99,0,0
BRDA:524,99,1,0
BRDA:524,100,0,0
BRDA:524,100,1,0
BRDA:525,101,0,0
BRDA:525,101,1,0
BRDA:533,102,0,0
BRDA:533,102,1,0
BRDA:550,103,0,0
BRDA:550,103,1,15
BRDA:558,104,0,1
BRDA:558,104,1,46
BRDA:558,105,0,47
BRDA:558,105,1,46
BRDA:561,106,0,1
BRDA:561,106,1,45
BRDA:565,107,0,2
BRDA:565,107,1,60
BRDA:568,108,0,14
BRDA:568,108,1,46
BRDA:569,109,0,0
BRDA:569,109,1,46
BRDA:571,110,0,0
BRDA:571,110,1,0
BRDA:594,111,0,0
BRDA:594,111,1,14
BRDA:594,112,0,14
BRDA:594,112,1,14
BRDA:599,113,0,0
BRDA:599,113,1,0
BRDA:604,114,0,0
BRDA:604,114,1,0
BRDA:605,115,0,0
BRDA:605,115,1,0
BRDA:606,116,0,0
BRDA:606,116,1,0
BRDA:609,117,0,0
BRDA:609,117,1,0
BRDA:611,118,0,0
BRDA:611,118,1,0
BRDA:612,119,0,0
BRDA:612,119,1,0
BRDA:612,120,0,0
BRDA:612,120,1,0
BRDA:630,121,0,0
BRDA:630,121,1,0
BRDA:634,122,0,0
BRDA:634,122,1,0
BRDA:634,123,0,0
BRDA:634,123,1,0
BRDA:641,124,0,0
BRDA:641,124,1,14
BRDA:646,125,0,14
BRDA:646,125,1,0
BRDA:649,126,0,0
BRDA:649,126,1,14
BRDA:649,127,0,14
BRDA:649,127,1,0
BRDA:651,128,0,14
BRDA:651,128,1,0
BRDA:661,129,0,0
BRDA:661,129,1,14
BRDA:661,130,0,14
BRDA:661,130,1,0
BRDA:662,131,0,0
BRDA:662,131,1,0
BRDA:670,132,0,0
BRDA:670,132,1,14
BRDA:670,133,0,14
BRDA:670,133,1,14
BRDA:672,134,0,0
BRDA:672,134,1,0
BRDA:673,135,0,0
BRDA:673,135,1,0
BRDA:682,136,0,0
BRDA:682,136,1,0
BRDA:684,137,0,0
BRDA:684,137,1,0
BRDA:688,138,0,0
BRDA:688,138,1,14
BRDA:688,139,0,14
BRDA:688,139,1,14
BRDA:691,140,0,0
BRDA:691,140,1,0
BRDA:691,141,0,0
BRDA:691,141,1,0
BRDA:692,142,0,0
BRDA:692,142,1,0
BRDA:696,143,0,0
BRDA:696,143,1,0
BRDA:698,144,0,0
BRDA:698,144,1,0
BRDA:704,145,0,0
BRDA:704,145,1,0
BRDA:706,146,0,0
BRDA:706,146,1,0
BRDA:710,147,0,0
BRDA:710,147,1,14
BRDA:710,148,0,14
BRDA:710,148,1,14
BRDA:712,149,0,0
BRDA:712,149,1,0
BRDA:713,150,0,0
BRDA:713,150,1,0
BRDA:717,151,0,0
BRDA:717,151,1,0
BRDA:721,152,0,0
BRDA:721,152,1,0
BRDA:722,153,0,0
BRDA:722,153,1,0
BRDA:734,154,0,0
BRDA:734,154,1,0
BRDA:734,155,0,0
BRDA:734,155,1,0
BRDA:743,156,0,0
BRDA:743,156,1,0
BRDA:750,157,0,0
BRDA:750,157,1,0
BRDA:750,158,0,0
BRDA:750,158,1,0
BRDA:759,159,0,0
BRDA:759,159,1,0
BRDA:760,160,0,0
BRDA:760,160,1,0
BRDA:761,161,0,0
BRDA:761,161,1,0
BRDA:762,162,0,0
BRDA:762,162,1,0
BRDA:763,163,0,0
BRDA:763,163,1,0
BRDA:764,164,0,0
BRDA:764,164,1,0
BRDA:772,165,0,0
BRDA:772,165,1,0
BRDA:774,166,0,0
BRDA:774,166,1,0
BRDA:787,167,0,0
BRDA:787,167,1,0
BRDA:789,168,0,0
BRDA:789,168,1,0
BRDA:810,169,0,0
BRDA:810,169,1,14
BRDA:810,170,0,14
BRDA:810,170,1,14
BRDA:833,171,0,0
BRDA:833,171,1,0
BRDA:833,172,0,0
BRDA:833,172,1,0
BRDA:864,173,0,0
BRDA:864,173,1,0
BRDA:865,174,0,0
BRDA:865,174,1,0
BRDA:866,175,0,0
BRDA:866,175,1,0
BRDA:867,176,0,0
BRDA:867,176,1,0
BRDA:868,177,0,0
BRDA:868,177,1,0
BRDA:869,178,0,0
BRDA:869,178,1,0
BRDA:870,179,0,0
BRDA:870,179,1,0
BRDA:870,180,0,0
BRDA:870,180,1,0
BRDA:871,181,0,0
BRDA:871,181,1,0
BRDA:878,182,0,0
BRDA:878,182,1,0
BRDA:888,183,0,0
BRDA:888,183,1,0
BRDA:889,184,0,0
BRDA:889,184,1,0
BRDA:890,185,0,0
BRDA:890,185,1,0
BRDA:891,186,0,0
BRDA:891,186,1,0
BRDA:892,187,0,0
BRDA:892,187,1,0
BRDA:893,188,0,0
BRDA:893,188,1,0
BRDA:894,189,0,0
BRDA:894,189,1,0
BRDA:894,190,0,0
BRDA:894,190,1,0
BRDA:895,191,0,0
BRDA:895,191,1,0
BRDA:903,192,0,0
BRDA:903,192,1,0
BRDA:924,193,0,11
BRDA:924,193,1,3
BRDA:924,194,0,14
BRDA:924,194,1,14
BRDA:931,195,0,10
BRDA:931,195,1,1
BRDA:931,196,0,11
BRDA:931,196,1,10
BRDA:933,197,0,10
BRDA:933,197,1,0
BRDA:939,198,0,2
BRDA:939,198,1,9
BRDA:939,199,0,11
BRDA:939,199,1,10
BRDA:972,200,0,1
BRDA:972,200,1,12
BRDA:989,201,0,5
BRDA:989,201,1,7
BRDA:991,202,0,0
BRDA:991,202,1,5
BRDA:995,203,0,5
BRDA:995,203,1,0
BRDA:1000,204,0,1
BRDA:1000,204,1,4
BRDA:1000,205,0,5
BRDA:1000,205,1,5
BRDA:1000,205,2,4
BRDA:1009,206,0,5
BRDA:1009,206,1,7
BRDA:1009,207,0,12
BRDA:1009,207,1,12
BRDA:1011,208,0,0
BRDA:1011,208,1,5
BRDA:1013,209,0,1
BRDA:1013,209,1,4
BRDA:1021,210,0,12
BRDA:1021,210,1,1
BRDA:1021,210,2,1
BRDA:1023,211,0,12
BRDA:1023,211,1,11
BRDA:1024,212,0,12
BRDA:1024,212,1,0
BRDA:1025,213,0,12
BRDA:1025,213,1,7
BRDA:1026,214,0,12
BRDA:1026,214,1,7
BRDA:1027,215,0,12
BRDA:1027,215,1,0
BRDA:1028,216,0,12
BRDA:1028,216,1,4
BRDA:1029,217,0,12
BRDA:1029,217,1,8
BRDA:1029,217,2,7
BRDA:1030,218,0,12
BRDA:1030,218,1,12
BRDA:1031,219,0,12
BRDA:1031,219,1,12
BRDA:1032,220,0,12
BRDA:1032,220,1,7
BRDA:1033,221,0,12
BRDA:1033,221,1,7
BRDA:1034,222,0,12
BRDA:1034,222,1,7
BRDA:1034,222,2,7
BRDA:1035,223,0,3
BRDA:1035,223,1,9
BRDA:1038,224,0,3
BRDA:1038,224,1,3
BRDA:1046,225,0,12
BRDA:1046,225,1,0
BRDA:1046,226,0,12
BRDA:1046,226,1,0
BRDA:1048,227,0,12
BRDA:1048,227,1,12
BRDA:1054,228,0,2
BRDA:1054,228,1,10
BRDA:1072,229,0,2
BRDA:1072,229,1,8
BRDA:1103,230,0,10
BRDA:1103,230,1,0
BRDA:1104,231,0,10
BRDA:1104,231,1,9
BRDA:1105,232,0,10
BRDA:1105,232,1,0
BRDA:1106,233,0,10
BRDA:1106,233,1,5
BRDA:1107,234,0,10
BRDA:1107,234,1,0
BRDA:1108,235,0,10
BRDA:1108,235,1,2
BRDA:1112,236,0,5
BRDA:1112,236,1,5
BRDA:1114,237,0,5
BRDA:1114,237,1,0
BRDA:1158,238,0,0
BRDA:1158,238,1,3
BRDA:1158,239,0,3
BRDA:1158,239,1,3
BRDA:1187,240,0,0
BRDA:1187,240,1,0
BRDA:1187,241,0,0
BRDA:1187,241,1,0
BRDA:1224,242,0,0
BRDA:1224,242,1,0
BRDA:1225,243,0,0
BRDA:1225,243,1,0
BRDA:1226,244,0,0
BRDA:1226,244,1,0
BRDA:1227,245,0,0
BRDA:1227,245,1,0
BRDA:1228,246,0,0
BRDA:1228,246,1,0
BRDA:1229,247,0,0
BRDA:1229,247,1,0
BRDA:1230,248,0,0
BRDA:1230,248,1,0
BRDA:1231,249,0,0
BRDA:1231,249,1,0
BRDA:1232,250,0,0
BRDA:1232,250,1,0
BRDA:1233,251,0,0
BRDA:1233,251,1,0
BRDA:1234,252,0,0
BRDA:1234,252,1,0
BRDA:1235,253,0,0
BRDA:1235,253,1,0
BRDA:1236,254,0,0
BRDA:1236,254,1,0
BRDA:1236,255,0,0
BRDA:1236,255,1,0
BRDA:1237,256,0,0
BRDA:1237,256,1,0
BRDA:1244,257,0,0
BRDA:1244,257,1,0
BRDA:1259,258,0,0
BRDA:1259,258,1,0
BRDA:1260,259,0,0
BRDA:1260,259,1,0
BRDA:1261,260,0,0
BRDA:1261,260,1,0
BRDA:1262,261,0,0
BRDA:1262,261,1,0
BRDA:1263,262,0,0
BRDA:1263,262,1,0
BRDA:1264,263,0,0
BRDA:1264,263,1,0
BRDA:1265,264,0,0
BRDA:1265,264,1,0
BRDA:1266,265,0,0
BRDA:1266,265,1,0
BRDA:1267,266,0,0
BRDA:1267,266,1,0
BRDA:1268,267,0,0
BRDA:1268,267,1,0
BRDA:1269,268,0,0
BRDA:1269,268,1,0
BRDA:1270,269,0,0
BRDA:1270,269,1,0
BRDA:1271,270,0,0
BRDA:1271,270,1,0
BRDA:1271,271,0,0
BRDA:1271,271,1,0
BRDA:1272,272,0,0
BRDA:1272,272,1,0
BRDA:1281,273,0,0
BRDA:1281,273,1,0
BRDA:1302,274,0,0
BRDA:1302,274,1,3
BRDA:1302,275,0,3
BRDA:1302,275,1,0
BRDA:1307,276,0,0
BRDA:1307,276,1,0
BRDA:1307,277,0,0
BRDA:1307,277,1,0
BRDA:1307,277,2,0
BRDA:1308,278,0,0
BRDA:1308,278,1,0
BRDA:1308,279,0,0
BRDA:1308,279,1,0
BRDA:1313,280,0,0
BRDA:1313,280,1,0
BRDA:1323,281,0,0
BRDA:1323,281,1,0
BRDA:1329,282,0,0
BRDA:1329,282,1,0
BRDA:1329,283,0,0
BRDA:1329,283,1,0
BRDA:1329,284,0,0
BRDA:1329,284,1,0
BRDA:1329,285,0,0
BRDA:1329,285,1,0
BRDA:1329,286,0,0
BRDA:1329,286,1,0
BRDA:1329,287,0,0
BRDA:1329,287,1,0
BRDA:1329,288,0,0
BRDA:1329,288,1,0
BRDA:1336,289,0,0
BRDA:1336,289,1,3
BRDA:1336,290,0,3
BRDA:1336,290,1,0
BRDA:1339,291,0,0
BRDA:1339,291,1,0
BRDA:1343,292,0,0
BRDA:1343,292,1,0
BRDA:1344,293,0,0
BRDA:1344,293,1,0
BRDA:1350,294,0,3
BRDA:1350,294,1,0
BRDA:1351,295,0,0
BRDA:1351,295,1,3
BRDA:1354,296,0,3
BRDA:1354,296,1,0
BRDA:1355,297,0,0
BRDA:1355,297,1,3
BRDA:1358,298,0,0
BRDA:1358,298,1,3
BRDA:1358,299,0,0
BRDA:1358,299,1,0
BRDA:1363,300,0,0
BRDA:1363,300,1,3
BRDA:1363,301,0,3
BRDA:1363,301,1,0
BRDA:1368,302,0,0
BRDA:1368,302,1,0
BRDA:1368,302,2,0
BRDA:1369,303,0,0
BRDA:1369,303,1,0
BRDA:1369,303,2,0
BRDA:1371,304,0,0
BRDA:1371,304,1,0
BRDA:1371,304,2,0
BRDA:1373,305,0,0
BRDA:1373,305,1,0
BRDA:1373,305,2,0
BRDA:1374,306,0,0
BRDA:1374,306,1,0
BRDA:1374,306,2,0
BRDA:1375,307,0,0
BRDA:1375,307,1,0
BRDA:1375,307,2,0
BRDA:1376,308,0,0
BRDA:1376,308,1,0
BRDA:1376,308,2,0
BRDA:1377,309,0,0
BRDA:1377,309,1,0
BRDA:1377,309,2,0
BRDA:1378,310,0,0
BRDA:1378,310,1,0
BRDA:1378,310,2,0
BRDA:1379,311,0,0
BRDA:1379,311,1,0
BRDA:1380,312,0,0
BRDA:1380,312,1,0
BRDA:1380,312,2,0
BRDA:1381,313,0,0
BRDA:1381,313,1,0
BRDA:1381,313,2,0
BRDA:1382,314,0,0
BRDA:1382,314,1,0
BRDA:1382,314,2,0
BRDA:1383,315,0,0
BRDA:1383,315,1,0
BRDA:1383,315,2,0
BRDA:1384,316,0,0
BRDA:1384,316,1,0
BRDA:1384,316,2,0
BRDA:1385,317,0,0
BRDA:1385,317,1,0
BRDA:1386,318,0,0
BRDA:1386,318,1,0
BRDA:1386,318,2,0
BRDA:1387,319,0,0
BRDA:1387,319,1,0
BRDA:1387,319,2,0
BRDA:1388,320,0,0
BRDA:1388,320,1,0
BRDA:1388,320,2,0
BRDA:1389,321,0,0
BRDA:1389,321,1,0
BRDA:1389,321,2,0
BRDA:1390,322,0,0
BRDA:1390,322,1,0
BRDA:1390,322,2,0
BRDA:1391,323,0,0
BRDA:1391,323,1,0
BRDA:1391,323,2,0
BRDA:1392,324,0,0
BRDA:1392,324,1,0
BRDA:1392,324,2,0
BRDA:1393,325,0,0
BRDA:1393,325,1,0
BRDA:1393,325,2,0
BRDA:1398,326,0,0
BRDA:1398,326,1,0
BRDA:1402,327,0,3
BRDA:1402,327,1,0
BRDA:1402,328,0,3
BRDA:1402,328,1,3
BRDA:1402,328,2,0
BRDA:1417,329,0,86
BRDA:1417,329,1,3
BRDA:1420,330,0,5
BRDA:1420,330,1,0
BRDA:1432,331,0,0
BRDA:1432,331,1,0
BRDA:1435,332,0,0
BRDA:1435,332,1,0
BRDA:1436,333,0,0
BRDA:1436,333,1,0
BRDA:1436,333,2,0
BRDA:1437,334,0,0
BRDA:1437,334,1,0
BRDA:1437,334,2,0
BRDA:1437,334,3,0
BRDA:1441,335,0,0
BRDA:1441,335,1,0
BRDA:1447,336,0,0
BRDA:1447,336,1,3
BRDA:1454,337,0,5
BRDA:1454,337,1,0
BRDA:1455,338,0,5
BRDA:1455,338,1,0
BRDA:1456,339,0,5
BRDA:1456,339,1,0
BRDA:1459,340,0,5
BRDA:1459,340,1,2
BRDA:1460,341,0,5
BRDA:1460,341,1,5
BRDA:1461,342,0,5
BRDA:1461,342,1,5
BRDA:1462,343,0,5
BRDA:1462,343,1,5
BRDA:1463,344,0,5
BRDA:1463,344,1,5
BRDA:1464,345,0,5
BRDA:1464,345,1,5
BRDA:1465,346,0,5
BRDA:1465,346,1,5
BRDA:1466,347,0,5
BRDA:1466,347,1,5
BRDA:1469,348,0,5
BRDA:1469,348,1,0
BRDA:1470,349,0,5
BRDA:1470,349,1,3
BRDA:1471,350,0,5
BRDA:1471,350,1,2
BRDA:1472,351,0,5
BRDA:1472,351,1,4
BRDA:1473,352,0,5
BRDA:1473,352,1,2
BRDA:1476,353,0,5
BRDA:1476,353,1,2
BRDA:1477,354,0,5
BRDA:1477,354,1,2
BRDA:1478,355,0,5
BRDA:1478,355,1,0
BRDA:1479,356,0,5
BRDA:1479,356,1,0
BRDA:1480,357,0,5
BRDA:1480,357,1,1
BRDA:1481,358,0,5
BRDA:1481,358,1,1
BRDA:1482,359,0,5
BRDA:1482,359,1,2
BRDA:1483,360,0,5
BRDA:1483,360,1,2
BRDA:1484,361,0,5
BRDA:1484,361,1,2
BRDA:1485,362,0,5
BRDA:1485,362,1,2
BRDA:1486,363,0,5
BRDA:1486,363,1,2
BRDA:1487,364,0,5
BRDA:1487,364,1,2
BRDA:1488,365,0,5
BRDA:1488,365,1,2
BRDA:1489,366,0,5
BRDA:1489,366,1,2
BRDA:1490,367,0,5
BRDA:1490,367,1,3
BRDA:1491,368,0,5
BRDA:1491,368,1,2
BRDA:1492,369,0,5
BRDA:1492,369,1,2
BRDA:1493,370,0,5
BRDA:1493,370,1,2
BRDA:1494,371,0,5
BRDA:1494,371,1,2
BRDA:1495,372,0,5
BRDA:1495,372,1,2
BRDA:1496,373,0,5
BRDA:1496,373,1,2
BRDA:1499,374,0,5
BRDA:1499,374,1,5
BRDA:1500,375,0,5
BRDA:1500,375,1,5
BRDA:1501,376,0,5
BRDA:1501,376,1,5
BRDA:1504,377,0,5
BRDA:1504,377,1,5
BRDA:1505,378,0,5
BRDA:1505,378,1,5
BRDA:1508,379,0,5
BRDA:1508,379,1,0
BRDA:1509,380,0,5
BRDA:1509,380,1,0
BRDA:1510,381,0,5
BRDA:1510,381,1,5
BRDA:1511,382,0,5
BRDA:1511,382,1,0
BRDA:1512,383,0,5
BRDA:1512,383,1,5
BRDA:1513,384,0,5
BRDA:1513,384,1,0
BRDA:1514,385,0,5
BRDA:1514,385,1,0
BRDA:1515,386,0,5
BRDA:1515,386,1,5
BRDA:1516,387,0,5
BRDA:1516,387,1,5
BRDA:1527,388,0,3
BRDA:1527,388,1,0
BRDA:1531,389,0,3
BRDA:1531,389,1,0
BRDA:1532,390,0,3
BRDA:1532,390,1,0
BRDA:1544,391,0,0
BRDA:1544,391,1,0
BRDA:1546,392,0,0
BRDA:1546,392,1,0
BRDA:1550,393,0,0
BRDA:1550,393,1,0
BRDA:1550,394,0,0
BRDA:1550,394,1,0
BRDA:1553,395,0,0
BRDA:1553,395,1,0
BRDA:1554,396,0,0
BRDA:1554,396,1,0
BRDA:1555,397,0,0
BRDA:1555,397,1,0
BRDA:1555,398,0,0
BRDA:1555,398,1,0
BRDA:1563,399,0,0
BRDA:1563,399,1,0
BRDA:1565,400,0,0
BRDA:1565,400,1,0
BRDA:1586,401,0,0
BRDA:1586,401,1,0
BRDA:1588,402,0,0
BRDA:1588,402,1,0
BRDA:1603,403,0,0
BRDA:1603,403,1,0
BRDA:1606,404,0,0
BRDA:1606,404,1,0
BRDA:1619,405,0,0
BRDA:1619,405,1,0
BRDA:1621,406,0,0
BRDA:1621,406,1,0
BRDA:1634,407,0,0
BRDA:1634,407,1,0
BRDA:1640,408,0,0
BRDA:1640,408,1,0
BRDA:1640,409,0,0
BRDA:1640,409,1,0
BRDA:1653,410,0,0
BRDA:1653,410,1,0
BRDA:1654,411,0,0
BRDA:1654,411,1,0
BRDA:1655,412,0,0
BRDA:1655,412,1,0
BRDA:1656,413,0,0
BRDA:1656,413,1,0
BRDA:1657,414,0,0
BRDA:1657,414,1,0
BRDA:1658,415,0,0
BRDA:1658,415,1,0
BRDA:1659,416,0,0
BRDA:1659,416,1,0
BRDA:1660,417,0,0
BRDA:1660,417,1,0
BRDA:1661,418,0,0
BRDA:1661,418,1,0
BRDA:1662,419,0,0
BRDA:1662,419,1,0
BRDA:1663,420,0,0
BRDA:1663,420,1,0
BRDA:1664,421,0,0
BRDA:1664,421,1,0
BRDA:1665,422,0,0
BRDA:1665,422,1,0
BRDA:1666,423,0,0
BRDA:1666,423,1,0
BRDA:1670,424,0,0
BRDA:1670,424,1,0
BRF:896
BRH:316
end_of_record
TN:
SF:lib/tokeetFieldMap.js
FN:150,getSupportedFields
FN:158,getTargetColumns
FN:160,(anonymous_2)
FN:161,(anonymous_3)
FN:169,getFieldMapping
FN:178,isFieldSupported
FNF:6
FNH:0
FNDA:0,getSupportedFields
FNDA:0,getTargetColumns
FNDA:0,(anonymous_2)
FNDA:0,(anonymous_3)
FNDA:0,getFieldMapping
FNDA:0,isFieldSupported
DA:23,2
DA:151,0
DA:159,0
DA:160,0
DA:161,0
DA:170,0
DA:179,0
DA:186,2
DA:193,2
LF:9
LH:3
BRF:0
BRH:0
end_of_record
